<?xml version="1.0" encoding="UTF-8"?>
<!-- Generated by org.testng.reporters.JUnitReportReporter -->
<testsuite hostname="HareeshSurya" failures="0" tests="10" name="ohrmApplication.OHRM_Employeelist" time="53.456" errors="0" timestamp="2022-11-03T12:08:20 IST" skipped="0">
  <testcase classname="ohrmApplication.OHRM_Employeelist" name="TitleValidation" time="0.012"/>
  <system-out/>
  <testcase classname="ohrmApplication.OHRM_Employeelist" name="OrangeHRMloginpanelValidation" time="0.086"/>
  <system-out/>
  <testcase classname="ohrmApplication.OHRM_Employeelist" name="LoginTest" time="1.567"/>
  <system-out/>
  <testcase classname="ohrmApplication.OHRM_Employeelist" name="HomepagePimmenuValidation" time="1.111"/>
  <system-out/>
  <testcase classname="ohrmApplication.OHRM_Employeelist" name="Addemployeenamevalidation" time="0.500"/>
  <system-out/>
  <testcase classname="ohrmApplication.OHRM_Employeelist" name="EmployeeDetails" time="1.361"/>
  <system-out/>
  <testcase classname="ohrmApplication.OHRM_Employeelist" name="PersonaldetailsValidation" time="0.063"/>
  <system-out/>
  <testcase classname="ohrmApplication.OHRM_Employeelist" name="Employeedetailsvalidation" time="0.181"/>
  <system-out/>
  <testcase classname="ohrmApplication.OHRM_Employeelist" name="employeemultipledata" time="5.319"/>
  <system-out/>
  <testcase classname="ohrmApplication.OHRM_Employeelist" name="saveEmployeelist" time="43.256"/>
  <system-out/>
</testsuite> <!-- ohrmApplication.OHRM_Employeelist -->
