<?xml version="1.0" encoding="UTF-8"?>
<!-- Generated by org.testng.reporters.JUnitReportReporter -->
<testsuite hostname="HareeshSurya" failures="0" tests="5" name="com.WebPagesTestCases.LogInPageTest" time="25.757" errors="0" timestamp="2022-11-01T15:43:36 IST" skipped="0">
  <testcase classname="com.WebPagesTestCases.LogInPageTest" name="loginTest" time="6.148"/>
  <system-out/>
  <testcase classname="com.WebPagesTestCases.LogInPageTest" name="imageTest" time="3.885"/>
  <system-out/>
  <testcase classname="com.WebPagesTestCases.LogInPageTest" name="logInPageTitleValidationTest" time="3.875"/>
  <system-out/>
  <testcase classname="com.WebPagesTestCases.LogInPageTest" name="loginpageurlAddressValidationTest" time="4.542"/>
  <system-out/>
  <testcase classname="com.WebPagesTestCases.LogInPageTest" name="logoutTest" time="7.307"/>
  <system-out/>
</testsuite> <!-- com.WebPagesTestCases.LogInPageTest -->
