<?xml version="1.0" encoding="UTF-8"?>
<!-- Generated by org.testng.reporters.JUnitReportReporter -->
<testsuite hostname="HareeshSurya" failures="0" tests="1" name="radiobuttonTest.RadioButton_ApplicationTest" time="18.981" errors="0" timestamp="2022-10-31T16:22:47 IST" skipped="0">
  <testcase classname="radiobuttonTest.RadioButton_ApplicationTest" name="RadioBtnOperation" time="18.981"/>
  <system-out/>
</testsuite> <!-- radiobuttonTest.RadioButton_ApplicationTest -->
