<?xml version="1.0" encoding="UTF-8"?>
<!-- Generated by org.testng.reporters.JUnitReportReporter -->
<testsuite hostname="HareeshSurya" failures="0" tests="1" name="radiobuttonTest.ExcelReadoperation" time="0.713" errors="0" timestamp="2022-10-31T15:44:28 IST" skipped="0">
  <testcase classname="radiobuttonTest.ExcelReadoperation" name="excelsetup" time="0.713"/>
  <system-out/>
</testsuite> <!-- radiobuttonTest.ExcelReadoperation -->
