<?xml version="1.0" encoding="UTF-8"?>
<!-- Generated by org.testng.reporters.JUnitReportReporter -->
<testsuite hostname="HareeshSurya" failures="0" tests="8" name="ohrmApplication.OHRMAddEmployeeTest" time="5.210" errors="0" timestamp="2022-11-03T12:08:20 IST" skipped="0">
  <testcase classname="ohrmApplication.OHRMAddEmployeeTest" name="TitleValidation" time="0.031"/>
  <system-out/>
  <testcase classname="ohrmApplication.OHRMAddEmployeeTest" name="OrangeHRMloginpanelValidation" time="0.121"/>
  <system-out/>
  <testcase classname="ohrmApplication.OHRMAddEmployeeTest" name="LoginTest" time="1.598"/>
  <system-out/>
  <testcase classname="ohrmApplication.OHRMAddEmployeeTest" name="HomepagePimmenuValidation" time="1.266"/>
  <system-out/>
  <testcase classname="ohrmApplication.OHRMAddEmployeeTest" name="Addemployeenamevalidation" time="0.569"/>
  <system-out/>
  <testcase classname="ohrmApplication.OHRMAddEmployeeTest" name="EmployeeDetails" time="1.350"/>
  <system-out/>
  <testcase classname="ohrmApplication.OHRMAddEmployeeTest" name="PersonaldetailsValidation" time="0.073"/>
  <system-out/>
  <testcase classname="ohrmApplication.OHRMAddEmployeeTest" name="Employeedetailsvalidation" time="0.202"/>
  <system-out/>
</testsuite> <!-- ohrmApplication.OHRMAddEmployeeTest -->
