<?xml version="1.0" encoding="UTF-8"?>
<!-- Generated by org.testng.reporters.JUnitReportReporter -->
<testsuite hostname="HareeshSurya" failures="0" tests="3" name="ohrmApplication.OHRM_LoginTest" time="7.535" errors="0" timestamp="2022-11-03T12:08:20 IST" skipped="0">
  <testcase classname="ohrmApplication.OHRM_LoginTest" name="TitleValidation" time="0.018"/>
  <system-out/>
  <testcase classname="ohrmApplication.OHRM_LoginTest" name="OrangeHRMloginpanelValidation" time="5.375"/>
  <system-out/>
  <testcase classname="ohrmApplication.OHRM_LoginTest" name="LoginTest" time="2.142"/>
  <system-out/>
</testsuite> <!-- ohrmApplication.OHRM_LoginTest -->
